22.10.2021 07:52:13.203 [http-nio-8080-exec-9] INFO   m.a.D.c.SearchUserInDB - User sadasdad has attempted to log in.
22.10.2021 07:52:14.286 [http-nio-8080-exec-9] INFO   m.a.D.c.SearchUserInDB - Access denied.
22.10.2021 07:52:14.287 [http-nio-8080-exec-9] INFO   m.a.D.a.SearchUserInDBServlet - User sadasdad is not found in DB.
22.10.2021 07:56:50.713 [http-nio-8080-exec-13] INFO   m.a.D.c.SearchUserInDB - User TEST has attempted to log in.
22.10.2021 07:56:50.731 [http-nio-8080-exec-13] ERROR  m.a.D.c.SettingsDB - No suitable driver found for jdbc:mysql://remotemysql.com:3306/FTlIGzTWEp
java.sql.SQLException: No suitable driver found for jdbc:mysql://remotemysql.com:3306/FTlIGzTWEp
	at java.sql/java.sql.DriverManager.getConnection(DriverManager.java:702)
	at java.sql/java.sql.DriverManager.getConnection(DriverManager.java:228)
	at musin.aidar.DriverCity.connectDB.SettingsDB.<clinit>(SettingsDB.java:47)
	at musin.aidar.DriverCity.connectDB.SearchUserInDB.findUser(SearchUserInDB.java:37)
	at musin.aidar.DriverCity.authorization.SearchUserInDBServlet.doPost(SearchUserInDBServlet.java:35)
	at javax.servlet.http.HttpServlet.service(HttpServlet.java:681)
	at javax.servlet.http.HttpServlet.service(HttpServlet.java:764)
	at org.apache.catalina.core.ApplicationFilterChain.internalDoFilter(ApplicationFilterChain.java:227)
	at org.apache.catalina.core.ApplicationFilterChain.doFilter(ApplicationFilterChain.java:162)
	at org.apache.tomcat.websocket.server.WsFilter.doFilter(WsFilter.java:53)
	at org.apache.catalina.core.ApplicationFilterChain.internalDoFilter(ApplicationFilterChain.java:189)
	at org.apache.catalina.core.ApplicationFilterChain.doFilter(ApplicationFilterChain.java:162)
	at org.apache.catalina.core.StandardWrapperValve.invoke(StandardWrapperValve.java:197)
	at org.apache.catalina.core.StandardContextValve.invoke(StandardContextValve.java:97)
	at org.apache.catalina.authenticator.AuthenticatorBase.invoke(AuthenticatorBase.java:540)
	at org.apache.catalina.core.StandardHostValve.invoke(StandardHostValve.java:135)
	at org.apache.catalina.valves.ErrorReportValve.invoke(ErrorReportValve.java:92)
	at org.apache.catalina.valves.AbstractAccessLogValve.invoke(AbstractAccessLogValve.java:687)
	at org.apache.catalina.core.StandardEngineValve.invoke(StandardEngineValve.java:78)
	at org.apache.catalina.connector.CoyoteAdapter.service(CoyoteAdapter.java:357)
	at org.apache.coyote.http11.Http11Processor.service(Http11Processor.java:382)
	at org.apache.coyote.AbstractProcessorLight.process(AbstractProcessorLight.java:65)
	at org.apache.coyote.AbstractProtocol$ConnectionHandler.process(AbstractProtocol.java:895)
	at org.apache.tomcat.util.net.NioEndpoint$SocketProcessor.doRun(NioEndpoint.java:1722)
	at org.apache.tomcat.util.net.SocketProcessorBase.run(SocketProcessorBase.java:49)
	at org.apache.tomcat.util.threads.ThreadPoolExecutor.runWorker(ThreadPoolExecutor.java:1191)
	at org.apache.tomcat.util.threads.ThreadPoolExecutor$Worker.run(ThreadPoolExecutor.java:659)
	at org.apache.tomcat.util.threads.TaskThread$WrappingRunnable.run(TaskThread.java:61)
	at java.base/java.lang.Thread.run(Thread.java:831)
22.10.2021 07:59:13.021 [http-nio-8080-exec-10] INFO   m.a.D.c.SearchUserInDB - User aidar has attempted to log in.
22.10.2021 07:59:14.072 [http-nio-8080-exec-10] INFO   m.a.D.c.SearchUserInDB - Access received.
22.10.2021 07:59:14.072 [http-nio-8080-exec-10] INFO   m.a.D.a.SearchUserInDBServlet - A user with the name  aidar has logged in.
22.10.2021 07:59:16.263 [http-nio-8080-exec-20] INFO   m.a.D.ServletBye - session close!
23.10.2021 23:03:55.580 [http-nio-8080-exec-4] INFO   m.a.D.c.SearchUserInDB - User Aidar has attempted to log in.
23.10.2021 23:03:57.034 [http-nio-8080-exec-4] INFO   m.a.D.c.SearchUserInDB - Access received.
23.10.2021 23:03:57.034 [http-nio-8080-exec-4] INFO   m.a.D.a.SearchUserInDBServlet - A user with the name  Aidar has logged in.
23.10.2021 23:04:15.195 [http-nio-8080-exec-6] INFO   m.a.D.ServletBye - session close!
23.10.2021 23:04:20.782 [http-nio-8080-exec-8] INFO   m.a.D.c.SearchUserInDB - User test has attempted to log in.
23.10.2021 23:04:20.858 [http-nio-8080-exec-8] INFO   m.a.D.c.SearchUserInDB - Access denied.
23.10.2021 23:04:20.859 [http-nio-8080-exec-8] INFO   m.a.D.a.SearchUserInDBServlet - User test is not found in DB.
23.10.2021 23:06:54.799 [http-nio-8080-exec-10] INFO   m.a.D.c.SearchUserInDB - User Aidar has attempted to log in.
23.10.2021 23:06:55.858 [http-nio-8080-exec-10] INFO   m.a.D.c.SearchUserInDB - Access received.
23.10.2021 23:06:55.858 [http-nio-8080-exec-10] INFO   m.a.D.a.SearchUserInDBServlet - A user with the name  Aidar has logged in.
23.10.2021 23:08:53.425 [http-nio-8080-exec-8] INFO   m.a.D.c.SearchUserInDB - User aIDAR has attempted to log in.
23.10.2021 23:08:54.464 [http-nio-8080-exec-8] INFO   m.a.D.c.SearchUserInDB - Access denied.
23.10.2021 23:08:54.465 [http-nio-8080-exec-8] INFO   m.a.D.a.SearchUserInDBServlet - User aIDAR is not found in DB.
24.10.2021 00:45:26.071 [http-nio-8080-exec-61] INFO   m.a.D.c.SearchUserInDB - User  has attempted to log in.
24.10.2021 00:45:27.207 [http-nio-8080-exec-61] INFO   m.a.D.c.SearchUserInDB - Access denied.
24.10.2021 00:45:27.208 [http-nio-8080-exec-61] INFO   m.a.D.a.SearchUserInDBServlet - User  is not found in DB.
24.10.2021 00:59:04.327 [http-nio-8080-exec-9] INFO   m.a.D.c.SearchUserInDB - User  has attempted to log in.
24.10.2021 00:59:05.616 [http-nio-8080-exec-9] INFO   m.a.D.c.SearchUserInDB - Access denied.
24.10.2021 00:59:05.616 [http-nio-8080-exec-9] INFO   m.a.D.a.SearchUserInDBServlet - User  is not found in DB.
24.10.2021 00:59:11.170 [http-nio-8080-exec-7] INFO   m.a.D.c.SearchUserInDB - User aidar has attempted to log in.
24.10.2021 00:59:11.244 [http-nio-8080-exec-7] INFO   m.a.D.c.SearchUserInDB - Access denied.
24.10.2021 00:59:11.244 [http-nio-8080-exec-7] INFO   m.a.D.a.SearchUserInDBServlet - User aidar is not found in DB.
24.10.2021 00:59:16.299 [http-nio-8080-exec-14] INFO   m.a.D.c.SearchUserInDB - User Aidar has attempted to log in.
24.10.2021 00:59:16.379 [http-nio-8080-exec-14] INFO   m.a.D.c.SearchUserInDB - Access received.
24.10.2021 00:59:16.379 [http-nio-8080-exec-14] INFO   m.a.D.a.SearchUserInDBServlet - A user with the name  Aidar has logged in.
24.10.2021 00:59:29.949 [http-nio-8080-exec-18] INFO   m.a.D.ServletBye - session close!
24.10.2021 01:02:30.368 [http-nio-8080-exec-20] INFO   m.a.D.c.SearchUserInDB - User aidar has attempted to log in.
24.10.2021 01:02:31.418 [http-nio-8080-exec-20] INFO   m.a.D.c.SearchUserInDB - Access received.
24.10.2021 01:02:31.419 [http-nio-8080-exec-20] INFO   m.a.D.a.SearchUserInDBServlet - A user with the name  aidar has logged in.
24.10.2021 22:05:06.493 [http-nio-8080-exec-4] INFO   m.a.D.c.SearchUserInDB - User aidar has attempted to log in.
24.10.2021 22:05:07.952 [http-nio-8080-exec-4] INFO   m.a.D.c.SearchUserInDB - Access received.
24.10.2021 22:05:07.953 [http-nio-8080-exec-4] INFO   m.a.D.a.SearchUserInDBServlet - A user with the name  aidar has logged in.
24.10.2021 22:08:19.867 [http-nio-8080-exec-2] INFO   m.a.D.c.SearchUserInDB - User aidar has attempted to log in.
24.10.2021 22:08:20.911 [http-nio-8080-exec-2] INFO   m.a.D.c.SearchUserInDB - Access received.
24.10.2021 22:08:20.911 [http-nio-8080-exec-2] INFO   m.a.D.a.SearchUserInDBServlet - A user with the name  aidar has logged in.
24.10.2021 22:27:13.002 [http-nio-8080-exec-15] INFO   m.a.D.c.SearchUserInDB - User aidar has attempted to log in.
24.10.2021 22:27:14.068 [http-nio-8080-exec-15] INFO   m.a.D.c.SearchUserInDB - Access received.
24.10.2021 22:27:14.068 [http-nio-8080-exec-15] INFO   m.a.D.a.SearchUserInDBServlet - A user with the name  aidar has logged in.
25.10.2021 15:18:04.249 [http-nio-8080-exec-8] INFO   m.a.D.c.SearchUserInDB - User aidar has attempted to log in.
25.10.2021 15:18:05.793 [http-nio-8080-exec-8] INFO   m.a.D.c.SearchUserInDB - Access received.
25.10.2021 15:18:05.794 [http-nio-8080-exec-8] INFO   m.a.D.a.SearchUserInDBServlet - A user with the name  aidar has logged in.
25.10.2021 15:20:02.006 [http-nio-8080-exec-9] INFO   m.a.D.c.SearchUserInDB - User aidar has attempted to log in.
25.10.2021 15:20:03.212 [http-nio-8080-exec-9] INFO   m.a.D.c.SearchUserInDB - Access received.
25.10.2021 15:20:03.212 [http-nio-8080-exec-9] INFO   m.a.D.a.SearchUserInDBServlet - A user with the name  aidar has logged in.
25.10.2021 15:21:02.095 [http-nio-8080-exec-3] INFO   m.a.D.c.SearchUserInDB - User aidar has attempted to log in.
25.10.2021 15:21:03.213 [http-nio-8080-exec-3] INFO   m.a.D.c.SearchUserInDB - Access received.
25.10.2021 15:21:03.213 [http-nio-8080-exec-3] INFO   m.a.D.a.SearchUserInDBServlet - A user with the name  aidar has logged in.
25.10.2021 15:21:32.153 [http-nio-8080-exec-14] INFO   m.a.D.c.SearchUserInDB - User aidar has attempted to log in.
25.10.2021 15:21:33.326 [http-nio-8080-exec-14] INFO   m.a.D.c.SearchUserInDB - Access received.
25.10.2021 15:21:33.326 [http-nio-8080-exec-14] INFO   m.a.D.a.SearchUserInDBServlet - A user with the name  aidar has logged in.
25.10.2021 15:22:21.646 [http-nio-8080-exec-19] INFO   m.a.D.c.SearchUserInDB - User aidar has attempted to log in.
25.10.2021 15:22:22.756 [http-nio-8080-exec-19] INFO   m.a.D.c.SearchUserInDB - Access received.
25.10.2021 15:22:22.756 [http-nio-8080-exec-19] INFO   m.a.D.a.SearchUserInDBServlet - A user with the name  aidar has logged in.
25.10.2021 15:22:53.633 [http-nio-8080-exec-6] INFO   m.a.D.c.SearchUserInDB - User aidar has attempted to log in.
25.10.2021 15:22:54.955 [http-nio-8080-exec-6] INFO   m.a.D.c.SearchUserInDB - Access received.
25.10.2021 15:22:54.955 [http-nio-8080-exec-6] INFO   m.a.D.a.SearchUserInDBServlet - A user with the name  aidar has logged in.
25.10.2021 15:25:32.166 [http-nio-8080-exec-4] INFO   m.a.D.c.SearchUserInDB - User aidar has attempted to log in.
25.10.2021 15:25:32.190 [http-nio-8080-exec-4] ERROR  m.a.D.a.SearchUserInDBServlet - The last packet successfully received from the server was 157 129 milliseconds ago. The last packet sent successfully to the server was 157 216 milliseconds ago. is longer than the server configured value of 'wait_timeout'. You should consider either expiring and/or testing connection validity before use in your application, increasing the server configured values for client timeouts, or using the Connector/J connection property 'autoReconnect=true' to avoid this problem.
com.mysql.cj.jdbc.exceptions.CommunicationsException: The last packet successfully received from the server was 157 129 milliseconds ago. The last packet sent successfully to the server was 157 216 milliseconds ago. is longer than the server configured value of 'wait_timeout'. You should consider either expiring and/or testing connection validity before use in your application, increasing the server configured values for client timeouts, or using the Connector/J connection property 'autoReconnect=true' to avoid this problem.
	at com.mysql.cj.jdbc.exceptions.SQLError.createCommunicationsException(SQLError.java:174)
	at com.mysql.cj.jdbc.exceptions.SQLExceptionsMapping.translateException(SQLExceptionsMapping.java:64)
	at com.mysql.cj.jdbc.ClientPreparedStatement.executeInternal(ClientPreparedStatement.java:953)
	at com.mysql.cj.jdbc.ClientPreparedStatement.executeQuery(ClientPreparedStatement.java:1003)
	at musin.aidar.DriverCity.connectDB.SearchUserInDB.findUser(SearchUserInDB.java:41)
	at musin.aidar.DriverCity.authorization.SearchUserInDBServlet.doPost(SearchUserInDBServlet.java:35)
	at javax.servlet.http.HttpServlet.service(HttpServlet.java:681)
	at javax.servlet.http.HttpServlet.service(HttpServlet.java:764)
	at org.apache.catalina.core.ApplicationFilterChain.internalDoFilter(ApplicationFilterChain.java:227)
	at org.apache.catalina.core.ApplicationFilterChain.doFilter(ApplicationFilterChain.java:162)
	at org.apache.tomcat.websocket.server.WsFilter.doFilter(WsFilter.java:53)
	at org.apache.catalina.core.ApplicationFilterChain.internalDoFilter(ApplicationFilterChain.java:189)
	at org.apache.catalina.core.ApplicationFilterChain.doFilter(ApplicationFilterChain.java:162)
	at org.apache.catalina.core.StandardWrapperValve.invoke(StandardWrapperValve.java:197)
	at org.apache.catalina.core.StandardContextValve.invoke(StandardContextValve.java:97)
	at org.apache.catalina.authenticator.AuthenticatorBase.invoke(AuthenticatorBase.java:540)
	at org.apache.catalina.core.StandardHostValve.invoke(StandardHostValve.java:135)
	at org.apache.catalina.valves.ErrorReportValve.invoke(ErrorReportValve.java:92)
	at org.apache.catalina.valves.AbstractAccessLogValve.invoke(AbstractAccessLogValve.java:687)
	at org.apache.catalina.core.StandardEngineValve.invoke(StandardEngineValve.java:78)
	at org.apache.catalina.connector.CoyoteAdapter.service(CoyoteAdapter.java:357)
	at org.apache.coyote.http11.Http11Processor.service(Http11Processor.java:382)
	at org.apache.coyote.AbstractProcessorLight.process(AbstractProcessorLight.java:65)
	at org.apache.coyote.AbstractProtocol$ConnectionHandler.process(AbstractProtocol.java:893)
	at org.apache.tomcat.util.net.NioEndpoint$SocketProcessor.doRun(NioEndpoint.java:1726)
	at org.apache.tomcat.util.net.SocketProcessorBase.run(SocketProcessorBase.java:49)
	at org.apache.tomcat.util.threads.ThreadPoolExecutor.runWorker(ThreadPoolExecutor.java:1191)
	at org.apache.tomcat.util.threads.ThreadPoolExecutor$Worker.run(ThreadPoolExecutor.java:659)
	at org.apache.tomcat.util.threads.TaskThread$WrappingRunnable.run(TaskThread.java:61)
	at java.base/java.lang.Thread.run(Thread.java:831)
Caused by: com.mysql.cj.exceptions.CJCommunicationsException: The last packet successfully received from the server was 157 129 milliseconds ago. The last packet sent successfully to the server was 157 216 milliseconds ago. is longer than the server configured value of 'wait_timeout'. You should consider either expiring and/or testing connection validity before use in your application, increasing the server configured values for client timeouts, or using the Connector/J connection property 'autoReconnect=true' to avoid this problem.
	at java.base/jdk.internal.reflect.NativeConstructorAccessorImpl.newInstance0(Native Method)
	at java.base/jdk.internal.reflect.NativeConstructorAccessorImpl.newInstance(NativeConstructorAccessorImpl.java:78)
	at java.base/jdk.internal.reflect.DelegatingConstructorAccessorImpl.newInstance(DelegatingConstructorAccessorImpl.java:45)
	at java.base/java.lang.reflect.Constructor.newInstanceWithCaller(Constructor.java:499)
	at java.base/java.lang.reflect.Constructor.newInstance(Constructor.java:480)
	at com.mysql.cj.exceptions.ExceptionFactory.createException(ExceptionFactory.java:61)
	at com.mysql.cj.exceptions.ExceptionFactory.createException(ExceptionFactory.java:105)
	at com.mysql.cj.exceptions.ExceptionFactory.createException(ExceptionFactory.java:151)
	at com.mysql.cj.exceptions.ExceptionFactory.createCommunicationsException(ExceptionFactory.java:167)
	at com.mysql.cj.protocol.a.NativeProtocol.readMessage(NativeProtocol.java:519)
	at com.mysql.cj.protocol.a.NativeProtocol.checkErrorMessage(NativeProtocol.java:683)
	at com.mysql.cj.protocol.a.NativeProtocol.sendCommand(NativeProtocol.java:622)
	at com.mysql.cj.protocol.a.NativeProtocol.sendQueryPacket(NativeProtocol.java:970)
	at com.mysql.cj.NativeSession.execSQL(NativeSession.java:662)
	at com.mysql.cj.jdbc.ClientPreparedStatement.executeInternal(ClientPreparedStatement.java:930)
	... 27 common frames omitted
Caused by: java.io.EOFException: Can not read response from server. Expected to read 4 bytes, read 0 bytes before connection was unexpectedly lost.
	at com.mysql.cj.protocol.FullReadInputStream.readFully(FullReadInputStream.java:67)
	at com.mysql.cj.protocol.a.SimplePacketReader.readHeader(SimplePacketReader.java:63)
	at com.mysql.cj.protocol.a.SimplePacketReader.readHeader(SimplePacketReader.java:45)
	at com.mysql.cj.protocol.a.TimeTrackingPacketReader.readHeader(TimeTrackingPacketReader.java:52)
	at com.mysql.cj.protocol.a.TimeTrackingPacketReader.readHeader(TimeTrackingPacketReader.java:41)
	at com.mysql.cj.protocol.a.MultiPacketReader.readHeader(MultiPacketReader.java:54)
	at com.mysql.cj.protocol.a.MultiPacketReader.readHeader(MultiPacketReader.java:44)
	at com.mysql.cj.protocol.a.NativeProtocol.readMessage(NativeProtocol.java:513)
	... 32 common frames omitted
25.10.2021 15:26:11.806 [http-nio-8080-exec-1] INFO   m.a.D.c.SearchUserInDB - User aidar has attempted to log in.
25.10.2021 15:26:12.970 [http-nio-8080-exec-1] INFO   m.a.D.c.SearchUserInDB - Access received.
25.10.2021 15:26:12.971 [http-nio-8080-exec-1] INFO   m.a.D.a.SearchUserInDBServlet - A user with the name  aidar has logged in.
25.10.2021 15:27:43.992 [http-nio-8080-exec-11] INFO   m.a.D.ServletBye - session close!
25.10.2021 15:28:28.463 [http-nio-8080-exec-6] INFO   m.a.D.c.SearchUserInDB - User aidar has attempted to log in.
25.10.2021 15:28:29.609 [http-nio-8080-exec-6] INFO   m.a.D.c.SearchUserInDB - Access received.
25.10.2021 15:28:29.609 [http-nio-8080-exec-6] INFO   m.a.D.a.SearchUserInDBServlet - A user with the name  aidar has logged in.
25.10.2021 15:30:01.213 [http-nio-8080-exec-12] INFO   m.a.D.c.SearchUserInDB - User aidar has attempted to log in.
25.10.2021 15:30:02.340 [http-nio-8080-exec-12] INFO   m.a.D.c.SearchUserInDB - Access received.
25.10.2021 15:30:02.340 [http-nio-8080-exec-12] INFO   m.a.D.a.SearchUserInDBServlet - A user with the name  aidar has logged in.
25.10.2021 15:34:10.041 [http-nio-8080-exec-25] INFO   m.a.D.c.SearchUserInDB - User aidar has attempted to log in.
25.10.2021 15:34:11.235 [http-nio-8080-exec-25] INFO   m.a.D.c.SearchUserInDB - Access received.
25.10.2021 15:34:11.235 [http-nio-8080-exec-25] INFO   m.a.D.a.SearchUserInDBServlet - A user with the name  aidar has logged in.
25.10.2021 15:34:57.711 [http-nio-8080-exec-31] INFO   m.a.D.c.SearchUserInDB - User aidar has attempted to log in.
25.10.2021 15:34:58.801 [http-nio-8080-exec-31] INFO   m.a.D.c.SearchUserInDB - Access received.
25.10.2021 15:34:58.802 [http-nio-8080-exec-31] INFO   m.a.D.a.SearchUserInDBServlet - A user with the name  aidar has logged in.
25.10.2021 15:36:10.756 [http-nio-8080-exec-36] INFO   m.a.D.c.SearchUserInDB - User aidar has attempted to log in.
25.10.2021 15:36:11.963 [http-nio-8080-exec-36] INFO   m.a.D.c.SearchUserInDB - Access received.
25.10.2021 15:36:11.963 [http-nio-8080-exec-36] INFO   m.a.D.a.SearchUserInDBServlet - A user with the name  aidar has logged in.
25.10.2021 16:33:40.631 [http-nio-8080-exec-48] INFO   m.a.D.c.SearchUserInDB - User aidar has attempted to log in.
25.10.2021 16:33:41.894 [http-nio-8080-exec-48] INFO   m.a.D.c.SearchUserInDB - Access received.
25.10.2021 16:33:41.894 [http-nio-8080-exec-48] INFO   m.a.D.a.SearchUserInDBServlet - A user with the name  aidar has logged in.
25.10.2021 16:34:54.184 [http-nio-8080-exec-52] INFO   m.a.D.c.SearchUserInDB - User aidar has attempted to log in.
25.10.2021 16:34:55.258 [http-nio-8080-exec-52] INFO   m.a.D.c.SearchUserInDB - Access received.
25.10.2021 16:34:55.258 [http-nio-8080-exec-52] INFO   m.a.D.a.SearchUserInDBServlet - A user with the name  aidar has logged in.
25.10.2021 16:39:59.375 [http-nio-8080-exec-55] INFO   m.a.D.c.SearchUserInDB - User aidar has attempted to log in.
25.10.2021 16:40:00.393 [http-nio-8080-exec-55] INFO   m.a.D.c.SearchUserInDB - Access received.
25.10.2021 16:40:00.393 [http-nio-8080-exec-55] INFO   m.a.D.a.SearchUserInDBServlet - A user with the name  aidar has logged in.
25.10.2021 16:42:05.468 [http-nio-8080-exec-69] INFO   m.a.D.c.SearchUserInDB - User aidar has attempted to log in.
25.10.2021 16:42:06.604 [http-nio-8080-exec-69] INFO   m.a.D.c.SearchUserInDB - Access received.
25.10.2021 16:42:06.605 [http-nio-8080-exec-69] INFO   m.a.D.a.SearchUserInDBServlet - A user with the name  aidar has logged in.
25.10.2021 16:51:28.831 [http-nio-8080-exec-76] INFO   m.a.D.c.SearchUserInDB - User aidar has attempted to log in.
25.10.2021 16:51:29.992 [http-nio-8080-exec-76] INFO   m.a.D.c.SearchUserInDB - Access received.
25.10.2021 16:51:29.993 [http-nio-8080-exec-76] INFO   m.a.D.a.SearchUserInDBServlet - A user with the name  aidar has logged in.
25.10.2021 16:53:16.383 [http-nio-8080-exec-83] INFO   m.a.D.c.SearchUserInDB - User aidar has attempted to log in.
25.10.2021 16:53:17.530 [http-nio-8080-exec-83] INFO   m.a.D.c.SearchUserInDB - Access received.
25.10.2021 16:53:17.530 [http-nio-8080-exec-83] INFO   m.a.D.a.SearchUserInDBServlet - A user with the name  aidar has logged in.
25.10.2021 16:55:48.648 [http-nio-8080-exec-88] INFO   m.a.D.c.SearchUserInDB - User aidar has attempted to log in.
25.10.2021 16:55:49.864 [http-nio-8080-exec-88] INFO   m.a.D.c.SearchUserInDB - Access received.
25.10.2021 16:55:49.865 [http-nio-8080-exec-88] INFO   m.a.D.a.SearchUserInDBServlet - A user with the name  aidar has logged in.
25.10.2021 16:59:38.309 [http-nio-8080-exec-98] INFO   m.a.D.ServletBye - session close!
25.10.2021 17:01:32.967 [http-nio-8080-exec-104] INFO   m.a.D.c.SearchUserInDB - User aidar has attempted to log in.
25.10.2021 17:01:34.169 [http-nio-8080-exec-104] INFO   m.a.D.c.SearchUserInDB - Access received.
25.10.2021 17:01:34.170 [http-nio-8080-exec-104] INFO   m.a.D.a.SearchUserInDBServlet - A user with the name  aidar has logged in.
25.10.2021 17:02:39.123 [http-nio-8080-exec-106] INFO   m.a.D.ServletBye - session close!
25.10.2021 17:03:33.320 [http-nio-8080-exec-105] INFO   m.a.D.c.SearchUserInDB - User aidar has attempted to log in.
25.10.2021 17:03:34.780 [http-nio-8080-exec-105] INFO   m.a.D.c.SearchUserInDB - Access received.
25.10.2021 17:03:34.780 [http-nio-8080-exec-105] INFO   m.a.D.a.SearchUserInDBServlet - A user with the name  aidar has logged in.
25.10.2021 17:07:08.327 [http-nio-8080-exec-122] INFO   m.a.D.c.SearchUserInDB - User aidar has attempted to log in.
25.10.2021 17:07:09.517 [http-nio-8080-exec-122] INFO   m.a.D.c.SearchUserInDB - Access received.
25.10.2021 17:07:09.517 [http-nio-8080-exec-122] INFO   m.a.D.a.SearchUserInDBServlet - A user with the name  aidar has logged in.
25.10.2021 17:15:03.494 [http-nio-8080-exec-123] ERROR  m.a.D.FindPersonServlet - The last packet successfully received from the server was 440 159 milliseconds ago. The last packet sent successfully to the server was 440 245 milliseconds ago. is longer than the server configured value of 'wait_timeout'. You should consider either expiring and/or testing connection validity before use in your application, increasing the server configured values for client timeouts, or using the Connector/J connection property 'autoReconnect=true' to avoid this problem.
25.10.2021 17:15:13.635 [http-nio-8080-exec-124] INFO   m.a.D.ServletBye - session close!
25.10.2021 17:15:27.295 [http-nio-8080-exec-129] INFO   m.a.D.c.SearchUserInDB - User aidar has attempted to log in.
25.10.2021 17:15:27.302 [http-nio-8080-exec-129] ERROR  m.a.D.a.SearchUserInDBServlet - No operations allowed after connection closed.
java.sql.SQLNonTransientConnectionException: No operations allowed after connection closed.
	at com.mysql.cj.jdbc.exceptions.SQLError.createSQLException(SQLError.java:110)
	at com.mysql.cj.jdbc.exceptions.SQLError.createSQLException(SQLError.java:97)
	at com.mysql.cj.jdbc.exceptions.SQLError.createSQLException(SQLError.java:89)
	at com.mysql.cj.jdbc.exceptions.SQLError.createSQLException(SQLError.java:63)
	at com.mysql.cj.jdbc.exceptions.SQLError.createSQLException(SQLError.java:73)
	at com.mysql.cj.jdbc.exceptions.SQLExceptionsMapping.translateException(SQLExceptionsMapping.java:73)
	at com.mysql.cj.jdbc.ConnectionImpl.prepareStatement(ConnectionImpl.java:1648)
	at com.mysql.cj.jdbc.ConnectionImpl.prepareStatement(ConnectionImpl.java:1564)
	at musin.aidar.DriverCity.connectDB.SearchUserInDB.findUser(SearchUserInDB.java:37)
	at musin.aidar.DriverCity.authorization.SearchUserInDBServlet.doPost(SearchUserInDBServlet.java:35)
	at javax.servlet.http.HttpServlet.service(HttpServlet.java:681)
	at javax.servlet.http.HttpServlet.service(HttpServlet.java:764)
	at org.apache.catalina.core.ApplicationFilterChain.internalDoFilter(ApplicationFilterChain.java:227)
	at org.apache.catalina.core.ApplicationFilterChain.doFilter(ApplicationFilterChain.java:162)
	at org.apache.tomcat.websocket.server.WsFilter.doFilter(WsFilter.java:53)
	at org.apache.catalina.core.ApplicationFilterChain.internalDoFilter(ApplicationFilterChain.java:189)
	at org.apache.catalina.core.ApplicationFilterChain.doFilter(ApplicationFilterChain.java:162)
	at org.apache.catalina.core.StandardWrapperValve.invoke(StandardWrapperValve.java:197)
	at org.apache.catalina.core.StandardContextValve.invoke(StandardContextValve.java:97)
	at org.apache.catalina.authenticator.AuthenticatorBase.invoke(AuthenticatorBase.java:540)
	at org.apache.catalina.core.StandardHostValve.invoke(StandardHostValve.java:135)
	at org.apache.catalina.valves.ErrorReportValve.invoke(ErrorReportValve.java:92)
	at org.apache.catalina.valves.AbstractAccessLogValve.invoke(AbstractAccessLogValve.java:687)
	at org.apache.catalina.core.StandardEngineValve.invoke(StandardEngineValve.java:78)
	at org.apache.catalina.connector.CoyoteAdapter.service(CoyoteAdapter.java:357)
	at org.apache.coyote.http11.Http11Processor.service(Http11Processor.java:382)
	at org.apache.coyote.AbstractProcessorLight.process(AbstractProcessorLight.java:65)
	at org.apache.coyote.AbstractProtocol$ConnectionHandler.process(AbstractProtocol.java:893)
	at org.apache.tomcat.util.net.NioEndpoint$SocketProcessor.doRun(NioEndpoint.java:1726)
	at org.apache.tomcat.util.net.SocketProcessorBase.run(SocketProcessorBase.java:49)
	at org.apache.tomcat.util.threads.ThreadPoolExecutor.runWorker(ThreadPoolExecutor.java:1191)
	at org.apache.tomcat.util.threads.ThreadPoolExecutor$Worker.run(ThreadPoolExecutor.java:659)
	at org.apache.tomcat.util.threads.TaskThread$WrappingRunnable.run(TaskThread.java:61)
	at java.base/java.lang.Thread.run(Thread.java:831)
Caused by: com.mysql.cj.exceptions.ConnectionIsClosedException: No operations allowed after connection closed.
	at java.base/jdk.internal.reflect.NativeConstructorAccessorImpl.newInstance0(Native Method)
	at java.base/jdk.internal.reflect.NativeConstructorAccessorImpl.newInstance(NativeConstructorAccessorImpl.java:78)
	at java.base/jdk.internal.reflect.DelegatingConstructorAccessorImpl.newInstance(DelegatingConstructorAccessorImpl.java:45)
	at java.base/java.lang.reflect.Constructor.newInstanceWithCaller(Constructor.java:499)
	at java.base/java.lang.reflect.Constructor.newInstance(Constructor.java:480)
	at com.mysql.cj.exceptions.ExceptionFactory.createException(ExceptionFactory.java:61)
	at com.mysql.cj.exceptions.ExceptionFactory.createException(ExceptionFactory.java:105)
	at com.mysql.cj.exceptions.ExceptionFactory.createException(ExceptionFactory.java:151)
	at com.mysql.cj.NativeSession.checkClosed(NativeSession.java:758)
	at com.mysql.cj.jdbc.ConnectionImpl.checkClosed(ConnectionImpl.java:568)
	at com.mysql.cj.jdbc.ConnectionImpl.prepareStatement(ConnectionImpl.java:1579)
	... 27 common frames omitted
Caused by: com.mysql.cj.exceptions.CJCommunicationsException: The last packet successfully received from the server was 440 159 milliseconds ago. The last packet sent successfully to the server was 440 245 milliseconds ago. is longer than the server configured value of 'wait_timeout'. You should consider either expiring and/or testing connection validity before use in your application, increasing the server configured values for client timeouts, or using the Connector/J connection property 'autoReconnect=true' to avoid this problem.
	at java.base/jdk.internal.reflect.NativeConstructorAccessorImpl.newInstance0(Native Method)
	at java.base/jdk.internal.reflect.NativeConstructorAccessorImpl.newInstance(NativeConstructorAccessorImpl.java:78)
	at java.base/jdk.internal.reflect.DelegatingConstructorAccessorImpl.newInstance(DelegatingConstructorAccessorImpl.java:45)
	at java.base/java.lang.reflect.Constructor.newInstanceWithCaller(Constructor.java:499)
	at java.base/java.lang.reflect.Constructor.newInstance(Constructor.java:480)
	at com.mysql.cj.exceptions.ExceptionFactory.createException(ExceptionFactory.java:61)
	at com.mysql.cj.exceptions.ExceptionFactory.createException(ExceptionFactory.java:105)
	at com.mysql.cj.exceptions.ExceptionFactory.createException(ExceptionFactory.java:151)
	at com.mysql.cj.exceptions.ExceptionFactory.createCommunicationsException(ExceptionFactory.java:167)
	at com.mysql.cj.protocol.a.NativeProtocol.readMessage(NativeProtocol.java:519)
	at com.mysql.cj.protocol.a.NativeProtocol.checkErrorMessage(NativeProtocol.java:683)
	at com.mysql.cj.protocol.a.NativeProtocol.sendCommand(NativeProtocol.java:622)
	at com.mysql.cj.protocol.a.NativeProtocol.sendQueryPacket(NativeProtocol.java:970)
	at com.mysql.cj.NativeSession.execSQL(NativeSession.java:662)
	at com.mysql.cj.jdbc.ClientPreparedStatement.executeInternal(ClientPreparedStatement.java:930)
	at com.mysql.cj.jdbc.ClientPreparedStatement.executeQuery(ClientPreparedStatement.java:1003)
	at musin.aidar.DriverCity.connectDB.FindPerson.findPersonInDB(FindPerson.java:35)
	at musin.aidar.DriverCity.FindPersonServlet.doPost(FindPersonServlet.java:66)
	... 24 common frames omitted
Caused by: java.io.EOFException: Can not read response from server. Expected to read 4 bytes, read 0 bytes before connection was unexpectedly lost.
	at com.mysql.cj.protocol.FullReadInputStream.readFully(FullReadInputStream.java:67)
	at com.mysql.cj.protocol.a.SimplePacketReader.readHeader(SimplePacketReader.java:63)
	at com.mysql.cj.protocol.a.SimplePacketReader.readHeader(SimplePacketReader.java:45)
	at com.mysql.cj.protocol.a.TimeTrackingPacketReader.readHeader(TimeTrackingPacketReader.java:52)
	at com.mysql.cj.protocol.a.TimeTrackingPacketReader.readHeader(TimeTrackingPacketReader.java:41)
	at com.mysql.cj.protocol.a.MultiPacketReader.readHeader(MultiPacketReader.java:54)
	at com.mysql.cj.protocol.a.MultiPacketReader.readHeader(MultiPacketReader.java:44)
	at com.mysql.cj.protocol.a.NativeProtocol.readMessage(NativeProtocol.java:513)
	... 32 common frames omitted
25.10.2021 17:16:48.118 [http-nio-8080-exec-128] INFO   m.a.D.c.SearchUserInDB - User aidar has attempted to log in.
25.10.2021 17:16:49.219 [http-nio-8080-exec-128] INFO   m.a.D.c.SearchUserInDB - Access received.
25.10.2021 17:16:49.220 [http-nio-8080-exec-128] INFO   m.a.D.a.SearchUserInDBServlet - A user with the name  aidar has logged in.
25.10.2021 17:36:37.768 [http-nio-8080-exec-8] INFO   m.a.D.c.SearchUserInDB - User aidar has attempted to log in.
25.10.2021 17:36:39.202 [http-nio-8080-exec-8] INFO   m.a.D.c.SearchUserInDB - Access received.
25.10.2021 17:36:39.204 [http-nio-8080-exec-8] INFO   m.a.D.a.SearchUserInDBServlet - A user with the name  aidar has logged in.
25.10.2021 17:41:17.362 [http-nio-8080-exec-4] INFO   m.a.D.c.SearchUserInDB - User aidar has attempted to log in.
25.10.2021 17:41:18.603 [http-nio-8080-exec-4] INFO   m.a.D.c.SearchUserInDB - Access received.
25.10.2021 17:41:18.603 [http-nio-8080-exec-4] INFO   m.a.D.a.SearchUserInDBServlet - A user with the name  aidar has logged in.
25.10.2021 17:45:30.137 [http-nio-8080-exec-17] INFO   m.a.D.c.SearchUserInDB - User aidar has attempted to log in.
25.10.2021 17:45:31.257 [http-nio-8080-exec-17] INFO   m.a.D.c.SearchUserInDB - Access received.
25.10.2021 17:45:31.257 [http-nio-8080-exec-17] INFO   m.a.D.a.SearchUserInDBServlet - A user with the name  aidar has logged in.
25.10.2021 17:46:19.432 [http-nio-8080-exec-11] INFO   m.a.D.c.SearchUserInDB - User aidar has attempted to log in.
25.10.2021 17:46:20.515 [http-nio-8080-exec-11] INFO   m.a.D.c.SearchUserInDB - Access received.
25.10.2021 17:46:20.515 [http-nio-8080-exec-11] INFO   m.a.D.a.SearchUserInDBServlet - A user with the name  aidar has logged in.
25.10.2021 17:48:09.793 [http-nio-8080-exec-22] INFO   m.a.D.c.SearchUserInDB - User aidar has attempted to log in.
25.10.2021 17:48:10.955 [http-nio-8080-exec-22] INFO   m.a.D.c.SearchUserInDB - Access received.
25.10.2021 17:48:10.955 [http-nio-8080-exec-22] INFO   m.a.D.a.SearchUserInDBServlet - A user with the name  aidar has logged in.
25.10.2021 17:50:04.650 [http-nio-8080-exec-29] INFO   m.a.D.c.SearchUserInDB - User Aidar has attempted to log in.
25.10.2021 17:50:05.695 [http-nio-8080-exec-29] INFO   m.a.D.c.SearchUserInDB - Access received.
25.10.2021 17:50:05.696 [http-nio-8080-exec-29] INFO   m.a.D.a.SearchUserInDBServlet - A user with the name  Aidar has logged in.
25.10.2021 17:51:47.569 [http-nio-8080-exec-35] INFO   m.a.D.c.SearchUserInDB - User aidar has attempted to log in.
25.10.2021 17:51:48.703 [http-nio-8080-exec-35] INFO   m.a.D.c.SearchUserInDB - Access received.
25.10.2021 17:51:48.703 [http-nio-8080-exec-35] INFO   m.a.D.a.SearchUserInDBServlet - A user with the name  aidar has logged in.
25.10.2021 17:52:47.915 [http-nio-8080-exec-21] INFO   m.a.D.ServletBye - session close!
25.10.2021 17:52:55.282 [http-nio-8080-exec-39] INFO   m.a.D.c.SearchUserInDB - User aidar has attempted to log in.
25.10.2021 17:52:55.370 [http-nio-8080-exec-39] INFO   m.a.D.c.SearchUserInDB - Access received.
25.10.2021 17:52:55.370 [http-nio-8080-exec-39] INFO   m.a.D.a.SearchUserInDBServlet - A user with the name  aidar has logged in.
25.10.2021 17:52:59.178 [http-nio-8080-exec-23] INFO   m.a.D.ServletBye - session close!
25.10.2021 18:10:48.961 [http-nio-8080-exec-51] INFO   m.a.D.c.SearchUserInDB - User aidar has attempted to log in.
25.10.2021 18:10:50.241 [http-nio-8080-exec-51] INFO   m.a.D.c.SearchUserInDB - Access received.
25.10.2021 18:10:50.241 [http-nio-8080-exec-51] INFO   m.a.D.a.SearchUserInDBServlet - A user with the name  aidar has logged in.
25.10.2021 19:46:01.530 [http-nio-8080-exec-59] INFO   m.a.D.c.SearchUserInDB - User aidar has attempted to log in.
25.10.2021 19:46:01.553 [http-nio-8080-exec-59] ERROR  m.a.D.a.SearchUserInDBServlet - The last packet successfully received from the server was 5 693 124 milliseconds ago. The last packet sent successfully to the server was 5 693 227 milliseconds ago. is longer than the server configured value of 'wait_timeout'. You should consider either expiring and/or testing connection validity before use in your application, increasing the server configured values for client timeouts, or using the Connector/J connection property 'autoReconnect=true' to avoid this problem.
com.mysql.cj.jdbc.exceptions.CommunicationsException: The last packet successfully received from the server was 5 693 124 milliseconds ago. The last packet sent successfully to the server was 5 693 227 milliseconds ago. is longer than the server configured value of 'wait_timeout'. You should consider either expiring and/or testing connection validity before use in your application, increasing the server configured values for client timeouts, or using the Connector/J connection property 'autoReconnect=true' to avoid this problem.
	at com.mysql.cj.jdbc.exceptions.SQLError.createCommunicationsException(SQLError.java:174)
	at com.mysql.cj.jdbc.exceptions.SQLExceptionsMapping.translateException(SQLExceptionsMapping.java:64)
	at com.mysql.cj.jdbc.ClientPreparedStatement.executeInternal(ClientPreparedStatement.java:953)
	at com.mysql.cj.jdbc.ClientPreparedStatement.executeQuery(ClientPreparedStatement.java:1003)
	at musin.aidar.DriverCity.connectDB.SearchUserInDB.findUser(SearchUserInDB.java:41)
	at musin.aidar.DriverCity.authorization.SearchUserInDBServlet.doPost(SearchUserInDBServlet.java:35)
	at javax.servlet.http.HttpServlet.service(HttpServlet.java:681)
	at javax.servlet.http.HttpServlet.service(HttpServlet.java:764)
	at org.apache.catalina.core.ApplicationFilterChain.internalDoFilter(ApplicationFilterChain.java:227)
	at org.apache.catalina.core.ApplicationFilterChain.doFilter(ApplicationFilterChain.java:162)
	at org.apache.tomcat.websocket.server.WsFilter.doFilter(WsFilter.java:53)
	at org.apache.catalina.core.ApplicationFilterChain.internalDoFilter(ApplicationFilterChain.java:189)
	at org.apache.catalina.core.ApplicationFilterChain.doFilter(ApplicationFilterChain.java:162)
	at org.apache.catalina.core.StandardWrapperValve.invoke(StandardWrapperValve.java:197)
	at org.apache.catalina.core.StandardContextValve.invoke(StandardContextValve.java:97)
	at org.apache.catalina.authenticator.AuthenticatorBase.invoke(AuthenticatorBase.java:540)
	at org.apache.catalina.core.StandardHostValve.invoke(StandardHostValve.java:135)
	at org.apache.catalina.valves.ErrorReportValve.invoke(ErrorReportValve.java:92)
	at org.apache.catalina.valves.AbstractAccessLogValve.invoke(AbstractAccessLogValve.java:687)
	at org.apache.catalina.core.StandardEngineValve.invoke(StandardEngineValve.java:78)
	at org.apache.catalina.connector.CoyoteAdapter.service(CoyoteAdapter.java:357)
	at org.apache.coyote.http11.Http11Processor.service(Http11Processor.java:382)
	at org.apache.coyote.AbstractProcessorLight.process(AbstractProcessorLight.java:65)
	at org.apache.coyote.AbstractProtocol$ConnectionHandler.process(AbstractProtocol.java:893)
	at org.apache.tomcat.util.net.NioEndpoint$SocketProcessor.doRun(NioEndpoint.java:1726)
	at org.apache.tomcat.util.net.SocketProcessorBase.run(SocketProcessorBase.java:49)
	at org.apache.tomcat.util.threads.ThreadPoolExecutor.runWorker(ThreadPoolExecutor.java:1191)
	at org.apache.tomcat.util.threads.ThreadPoolExecutor$Worker.run(ThreadPoolExecutor.java:659)
	at org.apache.tomcat.util.threads.TaskThread$WrappingRunnable.run(TaskThread.java:61)
	at java.base/java.lang.Thread.run(Thread.java:831)
Caused by: com.mysql.cj.exceptions.CJCommunicationsException: The last packet successfully received from the server was 5 693 124 milliseconds ago. The last packet sent successfully to the server was 5 693 227 milliseconds ago. is longer than the server configured value of 'wait_timeout'. You should consider either expiring and/or testing connection validity before use in your application, increasing the server configured values for client timeouts, or using the Connector/J connection property 'autoReconnect=true' to avoid this problem.
	at java.base/jdk.internal.reflect.NativeConstructorAccessorImpl.newInstance0(Native Method)
	at java.base/jdk.internal.reflect.NativeConstructorAccessorImpl.newInstance(NativeConstructorAccessorImpl.java:78)
	at java.base/jdk.internal.reflect.DelegatingConstructorAccessorImpl.newInstance(DelegatingConstructorAccessorImpl.java:45)
	at java.base/java.lang.reflect.Constructor.newInstanceWithCaller(Constructor.java:499)
	at java.base/java.lang.reflect.Constructor.newInstance(Constructor.java:480)
	at com.mysql.cj.exceptions.ExceptionFactory.createException(ExceptionFactory.java:61)
	at com.mysql.cj.exceptions.ExceptionFactory.createException(ExceptionFactory.java:105)
	at com.mysql.cj.exceptions.ExceptionFactory.createException(ExceptionFactory.java:151)
	at com.mysql.cj.exceptions.ExceptionFactory.createCommunicationsException(ExceptionFactory.java:167)
	at com.mysql.cj.protocol.a.NativeProtocol.readMessage(NativeProtocol.java:519)
	at com.mysql.cj.protocol.a.NativeProtocol.checkErrorMessage(NativeProtocol.java:683)
	at com.mysql.cj.protocol.a.NativeProtocol.sendCommand(NativeProtocol.java:622)
	at com.mysql.cj.protocol.a.NativeProtocol.sendQueryPacket(NativeProtocol.java:970)
	at com.mysql.cj.NativeSession.execSQL(NativeSession.java:662)
	at com.mysql.cj.jdbc.ClientPreparedStatement.executeInternal(ClientPreparedStatement.java:930)
	... 27 common frames omitted
Caused by: java.io.EOFException: Can not read response from server. Expected to read 4 bytes, read 0 bytes before connection was unexpectedly lost.
	at com.mysql.cj.protocol.FullReadInputStream.readFully(FullReadInputStream.java:67)
	at com.mysql.cj.protocol.a.SimplePacketReader.readHeader(SimplePacketReader.java:63)
	at com.mysql.cj.protocol.a.SimplePacketReader.readHeader(SimplePacketReader.java:45)
	at com.mysql.cj.protocol.a.TimeTrackingPacketReader.readHeader(TimeTrackingPacketReader.java:52)
	at com.mysql.cj.protocol.a.TimeTrackingPacketReader.readHeader(TimeTrackingPacketReader.java:41)
	at com.mysql.cj.protocol.a.MultiPacketReader.readHeader(MultiPacketReader.java:54)
	at com.mysql.cj.protocol.a.MultiPacketReader.readHeader(MultiPacketReader.java:44)
	at com.mysql.cj.protocol.a.NativeProtocol.readMessage(NativeProtocol.java:513)
	... 32 common frames omitted
25.10.2021 19:46:51.685 [http-nio-8080-exec-7] INFO   m.a.D.c.SearchUserInDB - User aidar has attempted to log in.
25.10.2021 19:46:53.130 [http-nio-8080-exec-7] INFO   m.a.D.c.SearchUserInDB - Access received.
25.10.2021 19:46:53.130 [http-nio-8080-exec-7] INFO   m.a.D.a.SearchUserInDBServlet - A user with the name  aidar has logged in.
25.10.2021 19:48:04.157 [http-nio-8080-exec-8] INFO   m.a.D.ServletBye - session close!
25.10.2021 19:48:47.269 [http-nio-8080-exec-3] INFO   m.a.D.c.SearchUserInDB - User Aidar has attempted to log in.
25.10.2021 19:48:47.360 [http-nio-8080-exec-3] INFO   m.a.D.c.SearchUserInDB - Access received.
25.10.2021 19:48:47.361 [http-nio-8080-exec-3] INFO   m.a.D.a.SearchUserInDBServlet - A user with the name  Aidar has logged in.
25.10.2021 19:58:35.116 [http-nio-8080-exec-7] INFO   m.a.D.c.SearchUserInDB - User aidar has attempted to log in.
25.10.2021 19:58:36.260 [http-nio-8080-exec-7] INFO   m.a.D.c.SearchUserInDB - Access received.
25.10.2021 19:58:36.261 [http-nio-8080-exec-7] INFO   m.a.D.a.SearchUserInDBServlet - A user with the name  aidar has logged in.
25.10.2021 20:08:24.562 [http-nio-8080-exec-19] INFO   m.a.D.c.SearchUserInDB - User aidar has attempted to log in.
25.10.2021 20:08:25.645 [http-nio-8080-exec-19] INFO   m.a.D.c.SearchUserInDB - Access received.
25.10.2021 20:08:25.645 [http-nio-8080-exec-19] INFO   m.a.D.a.SearchUserInDBServlet - A user with the name  aidar has logged in.
25.10.2021 20:09:12.790 [http-nio-8080-exec-21] INFO   m.a.D.c.SearchUserInDB - User aidar has attempted to log in.
25.10.2021 20:09:13.866 [http-nio-8080-exec-21] INFO   m.a.D.c.SearchUserInDB - Access received.
25.10.2021 20:09:13.866 [http-nio-8080-exec-21] INFO   m.a.D.a.SearchUserInDBServlet - A user with the name  aidar has logged in.
25.10.2021 20:10:13.483 [http-nio-8080-exec-25] INFO   m.a.D.c.SearchUserInDB - User aidar has attempted to log in.
25.10.2021 20:10:14.659 [http-nio-8080-exec-25] INFO   m.a.D.c.SearchUserInDB - Access received.
25.10.2021 20:10:14.659 [http-nio-8080-exec-25] INFO   m.a.D.a.SearchUserInDBServlet - A user with the name  aidar has logged in.
25.10.2021 21:09:32.213 [http-nio-8080-exec-28] INFO   m.a.D.c.SearchUserInDB - User aIdar has attempted to log in.
25.10.2021 21:09:33.349 [http-nio-8080-exec-28] INFO   m.a.D.c.SearchUserInDB - Access received.
25.10.2021 21:09:33.349 [http-nio-8080-exec-28] INFO   m.a.D.a.SearchUserInDBServlet - A user with the name  aIdar has logged in.
25.10.2021 21:13:30.427 [http-nio-8080-exec-42] INFO   m.a.D.c.SearchUserInDB - User aidar has attempted to log in.
25.10.2021 21:13:31.532 [http-nio-8080-exec-42] INFO   m.a.D.c.SearchUserInDB - Access received.
25.10.2021 21:13:31.532 [http-nio-8080-exec-42] INFO   m.a.D.a.SearchUserInDBServlet - A user with the name  aidar has logged in.
25.10.2021 21:14:08.564 [http-nio-8080-exec-40] INFO   m.a.D.c.SearchUserInDB - User aidar has attempted to log in.
25.10.2021 21:14:09.732 [http-nio-8080-exec-40] INFO   m.a.D.c.SearchUserInDB - Access received.
25.10.2021 21:14:09.732 [http-nio-8080-exec-40] INFO   m.a.D.a.SearchUserInDBServlet - A user with the name  aidar has logged in.
25.10.2021 21:18:53.036 [http-nio-8080-exec-57] INFO   m.a.D.c.SearchUserInDB - User aidar has attempted to log in.
25.10.2021 21:18:54.093 [http-nio-8080-exec-57] INFO   m.a.D.c.SearchUserInDB - Access received.
25.10.2021 21:18:54.093 [http-nio-8080-exec-57] INFO   m.a.D.a.SearchUserInDBServlet - A user with the name  aidar has logged in.
25.10.2021 21:19:54.942 [http-nio-8080-exec-59] INFO   m.a.D.c.SearchUserInDB - User aidar has attempted to log in.
25.10.2021 21:19:56.045 [http-nio-8080-exec-59] INFO   m.a.D.c.SearchUserInDB - Access received.
25.10.2021 21:19:56.045 [http-nio-8080-exec-59] INFO   m.a.D.a.SearchUserInDBServlet - A user with the name  aidar has logged in.
25.10.2021 21:22:18.016 [http-nio-8080-exec-62] INFO   m.a.D.c.SearchUserInDB - User aidar has attempted to log in.
25.10.2021 21:22:19.124 [http-nio-8080-exec-62] INFO   m.a.D.c.SearchUserInDB - Access received.
25.10.2021 21:22:19.124 [http-nio-8080-exec-62] INFO   m.a.D.a.SearchUserInDBServlet - A user with the name  aidar has logged in.
25.10.2021 21:27:42.436 [http-nio-8080-exec-70] INFO   m.a.D.c.SearchUserInDB - User aidar has attempted to log in.
25.10.2021 21:27:43.613 [http-nio-8080-exec-70] INFO   m.a.D.c.SearchUserInDB - Access received.
25.10.2021 21:27:43.613 [http-nio-8080-exec-70] INFO   m.a.D.a.SearchUserInDBServlet - A user with the name  aidar has logged in.
25.10.2021 21:33:17.075 [http-nio-8080-exec-85] INFO   m.a.D.c.SearchUserInDB - User aidar has attempted to log in.
25.10.2021 21:33:18.261 [http-nio-8080-exec-85] INFO   m.a.D.c.SearchUserInDB - Access received.
25.10.2021 21:33:18.262 [http-nio-8080-exec-85] INFO   m.a.D.a.SearchUserInDBServlet - A user with the name  aidar has logged in.
25.10.2021 21:34:12.911 [http-nio-8080-exec-91] INFO   m.a.D.c.SearchUserInDB - User aidar has attempted to log in.
25.10.2021 21:34:14.024 [http-nio-8080-exec-91] INFO   m.a.D.c.SearchUserInDB - Access received.
25.10.2021 21:34:14.025 [http-nio-8080-exec-91] INFO   m.a.D.a.SearchUserInDBServlet - A user with the name  aidar has logged in.
25.10.2021 21:35:43.316 [http-nio-8080-exec-93] INFO   m.a.D.c.SearchUserInDB - User aidar has attempted to log in.
25.10.2021 21:35:44.503 [http-nio-8080-exec-93] INFO   m.a.D.c.SearchUserInDB - Access received.
25.10.2021 21:35:44.503 [http-nio-8080-exec-93] INFO   m.a.D.a.SearchUserInDBServlet - A user with the name  aidar has logged in.
25.10.2021 21:37:41.708 [http-nio-8080-exec-86] INFO   m.a.D.c.SearchUserInDB - User aidar has attempted to log in.
25.10.2021 21:37:42.890 [http-nio-8080-exec-86] INFO   m.a.D.c.SearchUserInDB - Access received.
25.10.2021 21:37:42.890 [http-nio-8080-exec-86] INFO   m.a.D.a.SearchUserInDBServlet - A user with the name  aidar has logged in.
25.10.2021 21:48:33.599 [http-nio-8080-exec-111] INFO   m.a.D.c.SearchUserInDB - User aidar has attempted to log in.
25.10.2021 21:48:34.881 [http-nio-8080-exec-111] INFO   m.a.D.c.SearchUserInDB - Access received.
25.10.2021 21:48:34.881 [http-nio-8080-exec-111] INFO   m.a.D.a.SearchUserInDBServlet - A user with the name  aidar has logged in.
25.10.2021 21:49:24.873 [http-nio-8080-exec-110] INFO   m.a.D.ServletBye - session close!
25.10.2021 21:50:21.509 [http-nio-8080-exec-115] INFO   m.a.D.c.SearchUserInDB - User aidar has attempted to log in.
25.10.2021 21:50:22.579 [http-nio-8080-exec-115] INFO   m.a.D.c.SearchUserInDB - Access received.
25.10.2021 21:50:22.579 [http-nio-8080-exec-115] INFO   m.a.D.a.SearchUserInDBServlet - A user with the name  aidar has logged in.
25.10.2021 21:51:21.742 [http-nio-8080-exec-112] INFO   m.a.D.c.SearchUserInDB - User aidar has attempted to log in.
25.10.2021 21:51:22.822 [http-nio-8080-exec-112] INFO   m.a.D.c.SearchUserInDB - Access received.
25.10.2021 21:51:22.823 [http-nio-8080-exec-112] INFO   m.a.D.a.SearchUserInDBServlet - A user with the name  aidar has logged in.
25.10.2021 21:53:35.052 [http-nio-8080-exec-122] INFO   m.a.D.c.SearchUserInDB - User aidar has attempted to log in.
25.10.2021 21:53:36.163 [http-nio-8080-exec-122] INFO   m.a.D.c.SearchUserInDB - Access received.
25.10.2021 21:53:36.164 [http-nio-8080-exec-122] INFO   m.a.D.a.SearchUserInDBServlet - A user with the name  aidar has logged in.
25.10.2021 21:55:33.525 [http-nio-8080-exec-121] INFO   m.a.D.c.SearchUserInDB - User aidar has attempted to log in.
25.10.2021 21:55:34.652 [http-nio-8080-exec-121] INFO   m.a.D.c.SearchUserInDB - Access received.
25.10.2021 21:55:34.652 [http-nio-8080-exec-121] INFO   m.a.D.a.SearchUserInDBServlet - A user with the name  aidar has logged in.
25.10.2021 21:59:07.683 [http-nio-8080-exec-140] INFO   m.a.D.c.SearchUserInDB - User aidar has attempted to log in.
25.10.2021 21:59:08.828 [http-nio-8080-exec-140] INFO   m.a.D.c.SearchUserInDB - Access received.
25.10.2021 21:59:08.828 [http-nio-8080-exec-140] INFO   m.a.D.a.SearchUserInDBServlet - A user with the name  aidar has logged in.
25.10.2021 22:00:05.294 [http-nio-8080-exec-135] INFO   m.a.D.c.SearchUserInDB - User aidar has attempted to log in.
25.10.2021 22:00:06.349 [http-nio-8080-exec-135] INFO   m.a.D.c.SearchUserInDB - Access received.
25.10.2021 22:00:06.349 [http-nio-8080-exec-135] INFO   m.a.D.a.SearchUserInDBServlet - A user with the name  aidar has logged in.
25.10.2021 22:00:55.725 [http-nio-8080-exec-131] INFO   m.a.D.c.SearchUserInDB - User aidar has attempted to log in.
25.10.2021 22:00:56.856 [http-nio-8080-exec-131] INFO   m.a.D.c.SearchUserInDB - Access received.
25.10.2021 22:00:56.856 [http-nio-8080-exec-131] INFO   m.a.D.a.SearchUserInDBServlet - A user with the name  aidar has logged in.
25.10.2021 22:01:43.764 [http-nio-8080-exec-146] INFO   m.a.D.c.SearchUserInDB - User aidar has attempted to log in.
25.10.2021 22:01:44.862 [http-nio-8080-exec-146] INFO   m.a.D.c.SearchUserInDB - Access received.
25.10.2021 22:01:44.862 [http-nio-8080-exec-146] INFO   m.a.D.a.SearchUserInDBServlet - A user with the name  aidar has logged in.
25.10.2021 22:03:43.685 [http-nio-8080-exec-157] INFO   m.a.D.c.SearchUserInDB - User aidar has attempted to log in.
25.10.2021 22:03:44.902 [http-nio-8080-exec-157] INFO   m.a.D.c.SearchUserInDB - Access received.
25.10.2021 22:03:44.903 [http-nio-8080-exec-157] INFO   m.a.D.a.SearchUserInDBServlet - A user with the name  aidar has logged in.
25.10.2021 22:05:52.703 [http-nio-8080-exec-160] INFO   m.a.D.c.SearchUserInDB - User aidar has attempted to log in.
25.10.2021 22:05:53.851 [http-nio-8080-exec-160] INFO   m.a.D.c.SearchUserInDB - Access received.
25.10.2021 22:05:53.851 [http-nio-8080-exec-160] INFO   m.a.D.a.SearchUserInDBServlet - A user with the name  aidar has logged in.
25.10.2021 22:10:24.101 [http-nio-8080-exec-169] INFO   m.a.D.c.SearchUserInDB - User aidar has attempted to log in.
25.10.2021 22:10:25.346 [http-nio-8080-exec-169] INFO   m.a.D.c.SearchUserInDB - Access received.
25.10.2021 22:10:25.347 [http-nio-8080-exec-169] INFO   m.a.D.a.SearchUserInDBServlet - A user with the name  aidar has logged in.
25.10.2021 22:11:45.827 [http-nio-8080-exec-174] INFO   m.a.D.c.SearchUserInDB - User aidar has attempted to log in.
25.10.2021 22:11:46.914 [http-nio-8080-exec-174] INFO   m.a.D.c.SearchUserInDB - Access received.
25.10.2021 22:11:46.915 [http-nio-8080-exec-174] INFO   m.a.D.a.SearchUserInDBServlet - A user with the name  aidar has logged in.
25.10.2021 22:16:23.143 [http-nio-8080-exec-181] INFO   m.a.D.c.SearchUserInDB - User aidar has attempted to log in.
25.10.2021 22:16:24.324 [http-nio-8080-exec-181] INFO   m.a.D.c.SearchUserInDB - Access received.
25.10.2021 22:16:24.324 [http-nio-8080-exec-181] INFO   m.a.D.a.SearchUserInDBServlet - A user with the name  aidar has logged in.
25.10.2021 22:19:10.651 [http-nio-8080-exec-191] INFO   m.a.D.c.SearchUserInDB - User aidar has attempted to log in.
25.10.2021 22:19:11.794 [http-nio-8080-exec-191] INFO   m.a.D.c.SearchUserInDB - Access received.
25.10.2021 22:19:11.794 [http-nio-8080-exec-191] INFO   m.a.D.a.SearchUserInDBServlet - A user with the name  aidar has logged in.
25.10.2021 22:19:52.079 [http-nio-8080-exec-196] INFO   m.a.D.c.SearchUserInDB - User aidar has attempted to log in.
25.10.2021 22:19:53.199 [http-nio-8080-exec-196] INFO   m.a.D.c.SearchUserInDB - Access received.
25.10.2021 22:19:53.199 [http-nio-8080-exec-196] INFO   m.a.D.a.SearchUserInDBServlet - A user with the name  aidar has logged in.
25.10.2021 22:21:06.388 [http-nio-8080-exec-205] INFO   m.a.D.c.SearchUserInDB - User aidar has attempted to log in.
25.10.2021 22:21:07.557 [http-nio-8080-exec-205] INFO   m.a.D.c.SearchUserInDB - Access received.
25.10.2021 22:21:07.557 [http-nio-8080-exec-205] INFO   m.a.D.a.SearchUserInDBServlet - A user with the name  aidar has logged in.
25.10.2021 22:22:57.589 [http-nio-8080-exec-208] INFO   m.a.D.c.SearchUserInDB - User aidar has attempted to log in.
25.10.2021 22:22:58.798 [http-nio-8080-exec-208] INFO   m.a.D.c.SearchUserInDB - Access received.
25.10.2021 22:22:58.798 [http-nio-8080-exec-208] INFO   m.a.D.a.SearchUserInDBServlet - A user with the name  aidar has logged in.
25.10.2021 22:23:51.270 [http-nio-8080-exec-204] INFO   m.a.D.c.SearchUserInDB - User aidar has attempted to log in.
25.10.2021 22:23:52.332 [http-nio-8080-exec-204] INFO   m.a.D.c.SearchUserInDB - Access received.
25.10.2021 22:23:52.332 [http-nio-8080-exec-204] INFO   m.a.D.a.SearchUserInDBServlet - A user with the name  aidar has logged in.
25.10.2021 22:25:08.061 [http-nio-8080-exec-203] INFO   m.a.D.c.SearchUserInDB - User aidar has attempted to log in.
25.10.2021 22:25:09.196 [http-nio-8080-exec-203] INFO   m.a.D.c.SearchUserInDB - Access received.
25.10.2021 22:25:09.196 [http-nio-8080-exec-203] INFO   m.a.D.a.SearchUserInDBServlet - A user with the name  aidar has logged in.
25.10.2021 22:26:52.548 [http-nio-8080-exec-224] INFO   m.a.D.c.SearchUserInDB - User aidar has attempted to log in.
25.10.2021 22:26:53.696 [http-nio-8080-exec-224] INFO   m.a.D.c.SearchUserInDB - Access received.
25.10.2021 22:26:53.696 [http-nio-8080-exec-224] INFO   m.a.D.a.SearchUserInDBServlet - A user with the name  aidar has logged in.
25.10.2021 22:28:13.813 [http-nio-8080-exec-227] INFO   m.a.D.c.SearchUserInDB - User aidar has attempted to log in.
25.10.2021 22:28:14.960 [http-nio-8080-exec-227] INFO   m.a.D.c.SearchUserInDB - Access received.
25.10.2021 22:28:14.960 [http-nio-8080-exec-227] INFO   m.a.D.a.SearchUserInDBServlet - A user with the name  aidar has logged in.
25.10.2021 22:29:06.580 [http-nio-8080-exec-229] INFO   m.a.D.c.SearchUserInDB - User aidar has attempted to log in.
25.10.2021 22:29:07.667 [http-nio-8080-exec-229] INFO   m.a.D.c.SearchUserInDB - Access received.
25.10.2021 22:29:07.667 [http-nio-8080-exec-229] INFO   m.a.D.a.SearchUserInDBServlet - A user with the name  aidar has logged in.
25.10.2021 22:32:17.349 [http-nio-8080-exec-220] INFO   m.a.D.c.SearchUserInDB - User aidar has attempted to log in.
25.10.2021 22:32:18.529 [http-nio-8080-exec-220] INFO   m.a.D.c.SearchUserInDB - Access received.
25.10.2021 22:32:18.529 [http-nio-8080-exec-220] INFO   m.a.D.a.SearchUserInDBServlet - A user with the name  aidar has logged in.
25.10.2021 22:34:00.598 [http-nio-8080-exec-243] INFO   m.a.D.c.SearchUserInDB - User aidar has attempted to log in.
25.10.2021 22:34:01.773 [http-nio-8080-exec-243] INFO   m.a.D.c.SearchUserInDB - Access received.
25.10.2021 22:34:01.774 [http-nio-8080-exec-243] INFO   m.a.D.a.SearchUserInDBServlet - A user with the name  aidar has logged in.
25.10.2021 22:35:57.173 [http-nio-8080-exec-247] INFO   m.a.D.c.SearchUserInDB - User aidar has attempted to log in.
25.10.2021 22:35:58.374 [http-nio-8080-exec-247] INFO   m.a.D.c.SearchUserInDB - Access received.
25.10.2021 22:35:58.375 [http-nio-8080-exec-247] INFO   m.a.D.a.SearchUserInDBServlet - A user with the name  aidar has logged in.
25.10.2021 22:36:58.907 [http-nio-8080-exec-251] INFO   m.a.D.ServletBye - session close!
25.10.2021 22:37:17.155 [http-nio-8080-exec-253] INFO   m.a.D.c.SearchUserInDB - User aidar has attempted to log in.
25.10.2021 22:37:17.249 [http-nio-8080-exec-253] INFO   m.a.D.c.SearchUserInDB - Access received.
25.10.2021 22:37:17.249 [http-nio-8080-exec-253] INFO   m.a.D.a.SearchUserInDBServlet - A user with the name  aidar has logged in.
25.10.2021 22:37:45.692 [http-nio-8080-exec-259] INFO   m.a.D.ServletBye - session close!
25.10.2021 22:37:52.665 [http-nio-8080-exec-255] INFO   m.a.D.c.SearchUserInDB - User idar has attempted to log in.
25.10.2021 22:37:52.759 [http-nio-8080-exec-255] INFO   m.a.D.c.SearchUserInDB - Access denied.
25.10.2021 22:37:52.760 [http-nio-8080-exec-255] INFO   m.a.D.a.SearchUserInDBServlet - User idar is not found in DB.
25.10.2021 22:43:59.502 [http-nio-8080-exec-264] INFO   m.a.D.c.SearchUserInDB - User aidar has attempted to log in.
25.10.2021 22:44:00.698 [http-nio-8080-exec-264] INFO   m.a.D.c.SearchUserInDB - Access denied.
25.10.2021 22:44:00.698 [http-nio-8080-exec-264] INFO   m.a.D.a.SearchUserInDBServlet - User aidar is not found in DB.
25.10.2021 22:44:33.950 [http-nio-8080-exec-266] INFO   m.a.D.c.SearchUserInDB - User aidar has attempted to log in.
25.10.2021 22:44:34.038 [http-nio-8080-exec-266] INFO   m.a.D.c.SearchUserInDB - Access received.
25.10.2021 22:44:34.038 [http-nio-8080-exec-266] INFO   m.a.D.a.SearchUserInDBServlet - A user with the name  aidar has logged in.
25.10.2021 22:54:32.831 [http-nio-8080-exec-274] INFO   m.a.D.c.SearchUserInDB - User aidar has attempted to log in.
25.10.2021 22:54:34.034 [http-nio-8080-exec-274] INFO   m.a.D.c.SearchUserInDB - Access received.
25.10.2021 22:54:34.035 [http-nio-8080-exec-274] INFO   m.a.D.a.SearchUserInDBServlet - A user with the name  aidar has logged in.
25.10.2021 22:56:46.568 [http-nio-8080-exec-272] INFO   m.a.D.c.SearchUserInDB - User aidar has attempted to log in.
25.10.2021 22:56:48.705 [http-nio-8080-exec-272] INFO   m.a.D.c.SearchUserInDB - Access received.
25.10.2021 22:56:48.706 [http-nio-8080-exec-272] INFO   m.a.D.a.SearchUserInDBServlet - A user with the name  aidar has logged in.
25.10.2021 23:03:09.054 [http-nio-8080-exec-285] INFO   m.a.D.c.SearchUserInDB - User aidar has attempted to log in.
25.10.2021 23:03:10.183 [http-nio-8080-exec-285] INFO   m.a.D.c.SearchUserInDB - Access received.
25.10.2021 23:03:10.183 [http-nio-8080-exec-285] INFO   m.a.D.a.SearchUserInDBServlet - A user with the name  aidar has logged in.
25.10.2021 23:07:08.358 [http-nio-8080-exec-295] INFO   m.a.D.c.SearchUserInDB - User aidar has attempted to log in.
25.10.2021 23:07:09.479 [http-nio-8080-exec-295] INFO   m.a.D.c.SearchUserInDB - Access received.
25.10.2021 23:07:09.479 [http-nio-8080-exec-295] INFO   m.a.D.a.SearchUserInDBServlet - A user with the name  aidar has logged in.
25.10.2021 23:10:38.855 [http-nio-8080-exec-304] INFO   m.a.D.c.SearchUserInDB - User aidar has attempted to log in.
25.10.2021 23:10:40.070 [http-nio-8080-exec-304] INFO   m.a.D.c.SearchUserInDB - Access received.
25.10.2021 23:10:40.071 [http-nio-8080-exec-304] INFO   m.a.D.a.SearchUserInDBServlet - A user with the name  aidar has logged in.
25.10.2021 23:13:53.472 [http-nio-8080-exec-311] INFO   m.a.D.c.SearchUserInDB - User aidar has attempted to log in.
25.10.2021 23:13:54.727 [http-nio-8080-exec-311] INFO   m.a.D.c.SearchUserInDB - Access received.
25.10.2021 23:13:54.727 [http-nio-8080-exec-311] INFO   m.a.D.a.SearchUserInDBServlet - A user with the name  aidar has logged in.
25.10.2021 23:30:21.778 [http-nio-8080-exec-7] INFO   m.a.D.c.SearchUserInDB - User aidar has attempted to log in.
25.10.2021 23:30:23.184 [http-nio-8080-exec-7] INFO   m.a.D.c.SearchUserInDB - Access received.
25.10.2021 23:30:23.185 [http-nio-8080-exec-7] INFO   m.a.D.a.SearchUserInDBServlet - A user with the name  aidar has logged in.
25.10.2021 23:31:55.520 [http-nio-8080-exec-5] INFO   m.a.D.c.SearchUserInDB - User aidar has attempted to log in.
25.10.2021 23:31:56.604 [http-nio-8080-exec-5] INFO   m.a.D.c.SearchUserInDB - Access received.
25.10.2021 23:31:56.604 [http-nio-8080-exec-5] INFO   m.a.D.a.SearchUserInDBServlet - A user with the name  aidar has logged in.
25.10.2021 23:37:30.871 [http-nio-8080-exec-11] INFO   m.a.D.c.SearchUserInDB - User aidar has attempted to log in.
25.10.2021 23:37:32.023 [http-nio-8080-exec-11] INFO   m.a.D.c.SearchUserInDB - Access received.
25.10.2021 23:37:32.023 [http-nio-8080-exec-11] INFO   m.a.D.a.SearchUserInDBServlet - A user with the name  aidar has logged in.
25.10.2021 23:38:35.638 [http-nio-8080-exec-13] INFO   m.a.D.c.SearchUserInDB - User aidar has attempted to log in.
25.10.2021 23:38:36.842 [http-nio-8080-exec-13] INFO   m.a.D.c.SearchUserInDB - Access received.
25.10.2021 23:38:36.843 [http-nio-8080-exec-13] INFO   m.a.D.a.SearchUserInDBServlet - A user with the name  aidar has logged in.
25.10.2021 23:41:41.057 [http-nio-8080-exec-28] INFO   m.a.D.c.SearchUserInDB - User aidar has attempted to log in.
25.10.2021 23:41:42.188 [http-nio-8080-exec-28] INFO   m.a.D.c.SearchUserInDB - Access received.
25.10.2021 23:41:42.188 [http-nio-8080-exec-28] INFO   m.a.D.a.SearchUserInDBServlet - A user with the name  aidar has logged in.
25.10.2021 23:42:16.885 [http-nio-8080-exec-34] INFO   m.a.D.ServletBye - session close!
25.10.2021 23:42:23.203 [http-nio-8080-exec-26] INFO   m.a.D.c.SearchUserInDB - User aidar has attempted to log in.
25.10.2021 23:42:23.289 [http-nio-8080-exec-26] INFO   m.a.D.c.SearchUserInDB - Access received.
25.10.2021 23:42:23.289 [http-nio-8080-exec-26] INFO   m.a.D.a.SearchUserInDBServlet - A user with the name  aidar has logged in.
25.10.2021 23:57:48.336 [http-nio-8080-exec-37] INFO   m.a.D.c.SearchUserInDB - User aidar has attempted to log in.
25.10.2021 23:57:49.484 [http-nio-8080-exec-37] INFO   m.a.D.c.SearchUserInDB - Access received.
25.10.2021 23:57:49.484 [http-nio-8080-exec-37] INFO   m.a.D.a.SearchUserInDBServlet - A user with the name  aidar has logged in.
25.10.2021 23:59:42.488 [http-nio-8080-exec-42] INFO   m.a.D.c.SearchUserInDB - User aidar has attempted to log in.
25.10.2021 23:59:43.638 [http-nio-8080-exec-42] INFO   m.a.D.c.SearchUserInDB - Access received.
25.10.2021 23:59:43.638 [http-nio-8080-exec-42] INFO   m.a.D.a.SearchUserInDBServlet - A user with the name  aidar has logged in.
26.10.2021 00:03:54.670 [http-nio-8080-exec-49] INFO   m.a.D.c.SearchUserInDB - User aidar has attempted to log in.
26.10.2021 00:03:55.903 [http-nio-8080-exec-49] INFO   m.a.D.c.SearchUserInDB - Access received.
26.10.2021 00:03:55.904 [http-nio-8080-exec-49] INFO   m.a.D.a.SearchUserInDBServlet - A user with the name  aidar has logged in.
26.10.2021 00:04:37.045 [http-nio-8080-exec-54] INFO   m.a.D.c.SearchUserInDB - User aidar has attempted to log in.
26.10.2021 00:04:38.148 [http-nio-8080-exec-54] INFO   m.a.D.c.SearchUserInDB - Access received.
26.10.2021 00:04:38.148 [http-nio-8080-exec-54] INFO   m.a.D.a.SearchUserInDBServlet - A user with the name  aidar has logged in.
26.10.2021 00:05:30.408 [http-nio-8080-exec-62] INFO   m.a.D.c.SearchUserInDB - User aidar has attempted to log in.
26.10.2021 00:05:31.578 [http-nio-8080-exec-62] INFO   m.a.D.c.SearchUserInDB - Access received.
26.10.2021 00:05:31.578 [http-nio-8080-exec-62] INFO   m.a.D.a.SearchUserInDBServlet - A user with the name  aidar has logged in.
26.10.2021 00:07:34.935 [http-nio-8080-exec-52] INFO   m.a.D.c.SearchUserInDB - User aidar has attempted to log in.
26.10.2021 00:07:36.134 [http-nio-8080-exec-52] INFO   m.a.D.c.SearchUserInDB - Access received.
26.10.2021 00:07:36.134 [http-nio-8080-exec-52] INFO   m.a.D.a.SearchUserInDBServlet - A user with the name  aidar has logged in.
26.10.2021 00:10:04.224 [http-nio-8080-exec-68] INFO   m.a.D.c.SearchUserInDB - User aidar has attempted to log in.
26.10.2021 00:10:05.432 [http-nio-8080-exec-68] INFO   m.a.D.c.SearchUserInDB - Access received.
26.10.2021 00:10:05.432 [http-nio-8080-exec-68] INFO   m.a.D.a.SearchUserInDBServlet - A user with the name  aidar has logged in.
26.10.2021 00:11:44.486 [http-nio-8080-exec-76] INFO   m.a.D.c.SearchUserInDB - User aidar has attempted to log in.
26.10.2021 00:11:45.709 [http-nio-8080-exec-76] INFO   m.a.D.c.SearchUserInDB - Access received.
26.10.2021 00:11:45.710 [http-nio-8080-exec-76] INFO   m.a.D.a.SearchUserInDBServlet - A user with the name  aidar has logged in.
26.10.2021 00:13:06.216 [http-nio-8080-exec-83] INFO   m.a.D.c.SearchUserInDB - User aidar has attempted to log in.
26.10.2021 00:13:07.385 [http-nio-8080-exec-83] INFO   m.a.D.c.SearchUserInDB - Access received.
26.10.2021 00:13:07.386 [http-nio-8080-exec-83] INFO   m.a.D.a.SearchUserInDBServlet - A user with the name  aidar has logged in.
26.10.2021 00:20:47.375 [http-nio-8080-exec-92] INFO   m.a.D.c.SearchUserInDB - User aidar has attempted to log in.
26.10.2021 00:20:48.507 [http-nio-8080-exec-92] INFO   m.a.D.c.SearchUserInDB - Access received.
26.10.2021 00:20:48.507 [http-nio-8080-exec-92] INFO   m.a.D.a.SearchUserInDBServlet - A user with the name  aidar has logged in.
26.10.2021 00:24:51.327 [http-nio-8080-exec-107] INFO   m.a.D.c.SearchUserInDB - User aidar has attempted to log in.
26.10.2021 00:24:52.460 [http-nio-8080-exec-107] INFO   m.a.D.c.SearchUserInDB - Access received.
26.10.2021 00:24:52.460 [http-nio-8080-exec-107] INFO   m.a.D.a.SearchUserInDBServlet - A user with the name  aidar has logged in.
26.10.2021 00:26:14.353 [http-nio-8080-exec-105] INFO   m.a.D.c.SearchUserInDB - User aidar has attempted to log in.
26.10.2021 00:26:15.425 [http-nio-8080-exec-105] INFO   m.a.D.c.SearchUserInDB - Access received.
26.10.2021 00:26:15.425 [http-nio-8080-exec-105] INFO   m.a.D.a.SearchUserInDBServlet - A user with the name  aidar has logged in.
26.10.2021 00:29:53.385 [http-nio-8080-exec-114] INFO   m.a.D.c.SearchUserInDB - User aidar has attempted to log in.
26.10.2021 00:29:54.580 [http-nio-8080-exec-114] INFO   m.a.D.c.SearchUserInDB - Access received.
26.10.2021 00:29:54.580 [http-nio-8080-exec-114] INFO   m.a.D.a.SearchUserInDBServlet - A user with the name  aidar has logged in.
26.10.2021 00:32:32.070 [http-nio-8080-exec-126] INFO   m.a.D.c.SearchUserInDB - User aidar has attempted to log in.
26.10.2021 00:32:33.267 [http-nio-8080-exec-126] INFO   m.a.D.c.SearchUserInDB - Access received.
26.10.2021 00:32:33.267 [http-nio-8080-exec-126] INFO   m.a.D.a.SearchUserInDBServlet - A user with the name  aidar has logged in.
26.10.2021 00:37:04.452 [http-nio-8080-exec-138] INFO   m.a.D.c.SearchUserInDB - User aidar has attempted to log in.
26.10.2021 00:37:05.689 [http-nio-8080-exec-138] INFO   m.a.D.c.SearchUserInDB - Access received.
26.10.2021 00:37:05.689 [http-nio-8080-exec-138] INFO   m.a.D.a.SearchUserInDBServlet - A user with the name  aidar has logged in.
26.10.2021 00:40:22.351 [http-nio-8080-exec-146] INFO   m.a.D.c.SearchUserInDB - User aidar has attempted to log in.
26.10.2021 00:40:23.495 [http-nio-8080-exec-146] INFO   m.a.D.c.SearchUserInDB - Access received.
26.10.2021 00:40:23.495 [http-nio-8080-exec-146] INFO   m.a.D.a.SearchUserInDBServlet - A user with the name  aidar has logged in.
26.10.2021 00:44:25.872 [http-nio-8080-exec-149] INFO   m.a.D.c.SearchUserInDB - User aidar has attempted to log in.
26.10.2021 00:44:26.977 [http-nio-8080-exec-149] INFO   m.a.D.c.SearchUserInDB - Access received.
26.10.2021 00:44:26.977 [http-nio-8080-exec-149] INFO   m.a.D.a.SearchUserInDBServlet - A user with the name  aidar has logged in.
26.10.2021 00:48:16.720 [http-nio-8080-exec-157] INFO   m.a.D.c.SearchUserInDB - User aidar has attempted to log in.
26.10.2021 00:48:17.871 [http-nio-8080-exec-157] INFO   m.a.D.c.SearchUserInDB - Access received.
26.10.2021 00:48:17.872 [http-nio-8080-exec-157] INFO   m.a.D.a.SearchUserInDBServlet - A user with the name  aidar has logged in.
26.10.2021 00:48:54.727 [http-nio-8080-exec-164] INFO   m.a.D.c.SearchUserInDB - User aidar has attempted to log in.
26.10.2021 00:48:55.776 [http-nio-8080-exec-164] INFO   m.a.D.c.SearchUserInDB - Access received.
26.10.2021 00:48:55.776 [http-nio-8080-exec-164] INFO   m.a.D.a.SearchUserInDBServlet - A user with the name  aidar has logged in.
26.10.2021 00:49:36.207 [http-nio-8080-exec-168] INFO   m.a.D.ServletBye - session close!
26.10.2021 00:49:44.690 [http-nio-8080-exec-156] INFO   m.a.D.c.SearchUserInDB - User aidar has attempted to log in.
26.10.2021 00:49:44.783 [http-nio-8080-exec-156] INFO   m.a.D.c.SearchUserInDB - Access received.
26.10.2021 00:49:44.783 [http-nio-8080-exec-156] INFO   m.a.D.a.SearchUserInDBServlet - A user with the name  aidar has logged in.
26.10.2021 00:51:47.367 [http-nio-8080-exec-170] INFO   m.a.D.c.SearchUserInDB - User aidar has attempted to log in.
26.10.2021 00:51:48.649 [http-nio-8080-exec-170] INFO   m.a.D.c.SearchUserInDB - Access received.
26.10.2021 00:51:48.649 [http-nio-8080-exec-170] INFO   m.a.D.a.SearchUserInDBServlet - A user with the name  aidar has logged in.
26.10.2021 00:58:18.960 [http-nio-8080-exec-180] INFO   m.a.D.c.SearchUserInDB - User aidar has attempted to log in.
26.10.2021 00:58:20.184 [http-nio-8080-exec-180] INFO   m.a.D.c.SearchUserInDB - Access received.
26.10.2021 00:58:20.184 [http-nio-8080-exec-180] INFO   m.a.D.a.SearchUserInDBServlet - A user with the name  aidar has logged in.
26.10.2021 00:58:25.285 [http-nio-8080-exec-186] INFO   m.a.D.ServletBye - session close!
26.10.2021 01:01:02.104 [http-nio-8080-exec-186] INFO   m.a.D.c.SearchUserInDB - User aidar has attempted to log in.
26.10.2021 01:01:03.267 [http-nio-8080-exec-186] INFO   m.a.D.c.SearchUserInDB - Access received.
26.10.2021 01:01:03.267 [http-nio-8080-exec-186] INFO   m.a.D.a.SearchUserInDBServlet - A user with the name  aidar has logged in.
26.10.2021 01:01:05.973 [http-nio-8080-exec-189] INFO   m.a.D.ServletBye - session close!
26.10.2021 01:08:38.310 [http-nio-8080-exec-7] INFO   m.a.D.c.SearchUserInDB - User aidar has attempted to log in.
26.10.2021 01:08:39.766 [http-nio-8080-exec-7] INFO   m.a.D.c.SearchUserInDB - Access received.
26.10.2021 01:08:39.766 [http-nio-8080-exec-7] INFO   m.a.D.a.SearchUserInDBServlet - A user with the name  aidar has logged in.
26.10.2021 01:08:42.478 [http-nio-8080-exec-3] INFO   m.a.D.ServletBye - session close!
26.10.2021 01:18:24.537 [http-nio-8080-exec-2] INFO   m.a.D.c.SearchUserInDB - User aidar has attempted to log in.
26.10.2021 01:18:25.727 [http-nio-8080-exec-2] INFO   m.a.D.c.SearchUserInDB - Access denied.
26.10.2021 01:18:25.727 [http-nio-8080-exec-2] INFO   m.a.D.a.SearchUserInDBServlet - User aidar is not found in DB.
26.10.2021 01:18:33.018 [http-nio-8080-exec-8] INFO   m.a.D.c.SearchUserInDB - User aidar has attempted to log in.
26.10.2021 01:18:33.124 [http-nio-8080-exec-8] INFO   m.a.D.c.SearchUserInDB - Access received.
26.10.2021 01:18:33.125 [http-nio-8080-exec-8] INFO   m.a.D.a.SearchUserInDBServlet - A user with the name  aidar has logged in.
26.10.2021 01:18:35.293 [http-nio-8080-exec-6] INFO   m.a.D.ServletBye - session close!
26.10.2021 01:18:54.452 [http-nio-8080-exec-7] INFO   m.a.D.c.SearchUserInDB - User aidar has attempted to log in.
26.10.2021 01:18:54.556 [http-nio-8080-exec-7] INFO   m.a.D.c.SearchUserInDB - Access received.
26.10.2021 01:18:54.556 [http-nio-8080-exec-7] INFO   m.a.D.a.SearchUserInDBServlet - A user with the name  aidar has logged in.
26.10.2021 01:18:57.111 [http-nio-8080-exec-14] INFO   m.a.D.ServletBye - session close!
26.10.2021 01:21:08.154 [http-nio-8080-exec-11] INFO   m.a.D.c.SearchUserInDB - User aidar has attempted to log in.
26.10.2021 01:21:09.293 [http-nio-8080-exec-11] INFO   m.a.D.c.SearchUserInDB - Access received.
26.10.2021 01:21:09.293 [http-nio-8080-exec-11] INFO   m.a.D.a.SearchUserInDBServlet - A user with the name  aidar has logged in.
26.10.2021 01:21:11.096 [http-nio-8080-exec-12] INFO   m.a.D.ServletBye - session close!
26.10.2021 01:21:54.673 [http-nio-8080-exec-15] INFO   m.a.D.c.SearchUserInDB - User aidar has attempted to log in.
26.10.2021 01:21:55.786 [http-nio-8080-exec-15] INFO   m.a.D.c.SearchUserInDB - Access received.
26.10.2021 01:21:55.786 [http-nio-8080-exec-15] INFO   m.a.D.a.SearchUserInDBServlet - A user with the name  aidar has logged in.
26.10.2021 01:21:57.558 [http-nio-8080-exec-14] INFO   m.a.D.ServletBye - session close!
26.10.2021 01:22:57.034 [http-nio-8080-exec-28] INFO   m.a.D.c.SearchUserInDB - User aidar has attempted to log in.
26.10.2021 01:22:58.156 [http-nio-8080-exec-28] INFO   m.a.D.c.SearchUserInDB - Access received.
26.10.2021 01:22:58.156 [http-nio-8080-exec-28] INFO   m.a.D.a.SearchUserInDBServlet - A user with the name  aidar has logged in.
26.10.2021 01:22:59.357 [http-nio-8080-exec-23] INFO   m.a.D.ServletBye - session close!
26.10.2021 01:25:43.321 [http-nio-8080-exec-30] INFO   m.a.D.c.SearchUserInDB - User aidar has attempted to log in.
26.10.2021 01:25:44.467 [http-nio-8080-exec-30] INFO   m.a.D.c.SearchUserInDB - Access received.
26.10.2021 01:25:44.467 [http-nio-8080-exec-30] INFO   m.a.D.a.SearchUserInDBServlet - A user with the name  aidar has logged in.
26.10.2021 01:25:45.989 [http-nio-8080-exec-32] INFO   m.a.D.ServletBye - session close!
26.10.2021 01:26:06.058 [http-nio-8080-exec-34] INFO   m.a.D.c.SearchUserInDB - User aidar has attempted to log in.
26.10.2021 01:26:06.147 [http-nio-8080-exec-34] INFO   m.a.D.c.SearchUserInDB - Access received.
26.10.2021 01:26:06.147 [http-nio-8080-exec-34] INFO   m.a.D.a.SearchUserInDBServlet - A user with the name  aidar has logged in.
26.10.2021 01:26:17.893 [http-nio-8080-exec-36] INFO   m.a.D.ServletBye - session close!
